[7] Log opened at 2022-03-02 14:37:03.091427
[7] [Config] INFO: Trigger value for 'XDEBUG_TRIGGER' not found, falling back to 'XDEBUG_SESSION'
[7] [Config] INFO: Trigger value for 'XDEBUG_SESSION' not found, so not activating
[7] Log closed at 2022-03-02 14:37:03.101223

[8] Log opened at 2022-03-02 14:37:03.207179
[8] [Config] INFO: Trigger value for 'XDEBUG_TRIGGER' not found, falling back to 'XDEBUG_SESSION'
[8] [Config] INFO: Trigger value for 'XDEBUG_SESSION' not found, so not activating
[8] Log closed at 2022-03-02 14:37:03.214281

[7] Log opened at 2022-03-02 14:37:04.393763
[7] [Config] INFO: Trigger value for 'XDEBUG_TRIGGER' not found, falling back to 'XDEBUG_SESSION'
[7] [Config] INFO: Trigger value for 'XDEBUG_SESSION' not found, so not activating
[7] Log closed at 2022-03-02 14:37:04.397893

[8] Log opened at 2022-03-02 14:37:04.469283
[8] [Config] INFO: Trigger value for 'XDEBUG_TRIGGER' not found, falling back to 'XDEBUG_SESSION'
[8] [Config] INFO: Trigger value for 'XDEBUG_SESSION' not found, so not activating
[8] Log closed at 2022-03-02 14:37:04.474050

[7] Log opened at 2022-03-02 14:37:04.910438
[7] [Config] INFO: Trigger value for 'XDEBUG_TRIGGER' not found, falling back to 'XDEBUG_SESSION'
[7] [Config] INFO: Trigger value for 'XDEBUG_SESSION' not found, so not activating
[7] Log closed at 2022-03-02 14:37:04.913247

[8] Log opened at 2022-03-02 14:37:04.977471
[8] [Config] INFO: Trigger value for 'XDEBUG_TRIGGER' not found, falling back to 'XDEBUG_SESSION'
[8] [Config] INFO: Trigger value for 'XDEBUG_SESSION' not found, so not activating
[8] Log closed at 2022-03-02 14:37:04.982781

[7] Log opened at 2022-03-02 14:37:05.311704
[7] [Config] INFO: Trigger value for 'XDEBUG_TRIGGER' not found, falling back to 'XDEBUG_SESSION'
[7] [Config] INFO: Trigger value for 'XDEBUG_SESSION' not found, so not activating
[7] Log closed at 2022-03-02 14:37:05.315643

[8] Log opened at 2022-03-02 14:37:05.383620
[8] [Config] INFO: Trigger value for 'XDEBUG_TRIGGER' not found, falling back to 'XDEBUG_SESSION'
[8] [Config] INFO: Trigger value for 'XDEBUG_SESSION' not found, so not activating
[8] Log closed at 2022-03-02 14:37:05.389543

[7] Log opened at 2022-03-02 14:37:05.774968
[7] [Config] INFO: Trigger value for 'XDEBUG_TRIGGER' not found, falling back to 'XDEBUG_SESSION'
[7] [Config] INFO: Trigger value for 'XDEBUG_SESSION' not found, so not activating
[7] Log closed at 2022-03-02 14:37:05.778993

[8] Log opened at 2022-03-02 14:37:05.837966
[8] [Config] INFO: Trigger value for 'XDEBUG_TRIGGER' not found, falling back to 'XDEBUG_SESSION'
[8] [Config] INFO: Trigger value for 'XDEBUG_SESSION' not found, so not activating
[8] Log closed at 2022-03-02 14:37:05.854483

[7] Log opened at 2022-03-02 14:37:44.976345
[7] [Config] INFO: Trigger value for 'XDEBUG_TRIGGER' not found, falling back to 'XDEBUG_SESSION'
[7] [Config] INFO: Trigger value for 'XDEBUG_SESSION' not found, so not activating
[7] Log closed at 2022-03-02 14:37:44.988864

[6] Log opened at 2022-03-02 14:37:45.337250
[6] [Config] INFO: Trigger value for 'XDEBUG_TRIGGER' not found, falling back to 'XDEBUG_SESSION'
[6] [Config] INFO: Trigger value for 'XDEBUG_SESSION' not found, so not activating
[6] Log closed at 2022-03-02 14:37:45.360368

[7] Log opened at 2022-03-02 14:37:45.427394
[7] [Config] INFO: Trigger value for 'XDEBUG_TRIGGER' not found, falling back to 'XDEBUG_SESSION'
[7] [Config] INFO: Trigger value for 'XDEBUG_SESSION' not found, so not activating
[7] Log closed at 2022-03-02 14:37:45.448127

[6] Log opened at 2022-03-02 14:37:45.636273
[6] [Config] INFO: Trigger value for 'XDEBUG_TRIGGER' not found, falling back to 'XDEBUG_SESSION'
[6] [Config] INFO: Trigger value for 'XDEBUG_SESSION' not found, so not activating
[6] Log closed at 2022-03-02 14:37:45.643956

[8] Log opened at 2022-03-02 14:38:36.441798
[8] [Config] INFO: Trigger value for 'XDEBUG_TRIGGER' not found, falling back to 'XDEBUG_SESSION'
[8] [Config] INFO: Trigger value for 'XDEBUG_SESSION' not found, so not activating
[8] Log closed at 2022-03-02 14:38:36.446354

[7] Log opened at 2022-03-02 14:38:36.524069
[7] [Config] INFO: Trigger value for 'XDEBUG_TRIGGER' not found, falling back to 'XDEBUG_SESSION'
[7] [Config] INFO: Trigger value for 'XDEBUG_SESSION' not found, so not activating
[7] Log closed at 2022-03-02 14:38:36.531788

[8] Log opened at 2022-03-02 14:38:37.496087
[8] [Config] INFO: Trigger value for 'XDEBUG_TRIGGER' not found, falling back to 'XDEBUG_SESSION'
[8] [Config] INFO: Trigger value for 'XDEBUG_SESSION' not found, so not activating
[8] Log closed at 2022-03-02 14:38:37.499168

[7] Log opened at 2022-03-02 14:38:37.559242
[7] [Config] INFO: Trigger value for 'XDEBUG_TRIGGER' not found, falling back to 'XDEBUG_SESSION'
[7] [Config] INFO: Trigger value for 'XDEBUG_SESSION' not found, so not activating
[7] Log closed at 2022-03-02 14:38:37.567659

[7] Log opened at 2022-03-02 14:42:25.513905
[7] [Step Debug] INFO: Connecting to configured address/port: localhost:9003.
[7] [Step Debug] WARN: Creating socket for 'localhost:9003', poll success, but error: Operation now in progress (29).
[7] [Step Debug] WARN: Creating socket for 'localhost:9003', connect: Cannot assign requested address.
[7] [Step Debug] ERR: Could not connect to debugging client. Tried: localhost:9003 (through xdebug.client_host/xdebug.client_port) :-(
[7] Log closed at 2022-03-02 14:42:25.522632

[8] Log opened at 2022-03-02 14:42:25.581926
[8] [Step Debug] INFO: Connecting to configured address/port: localhost:9003.
[8] [Step Debug] WARN: Creating socket for 'localhost:9003', poll success, but error: Operation now in progress (29).
[8] [Step Debug] WARN: Creating socket for 'localhost:9003', connect: Cannot assign requested address.
[8] [Step Debug] ERR: Could not connect to debugging client. Tried: localhost:9003 (through xdebug.client_host/xdebug.client_port) :-(
[8] Log closed at 2022-03-02 14:42:25.591856

[7] Log opened at 2022-03-02 14:42:26.829474
[7] [Step Debug] INFO: Connecting to configured address/port: localhost:9003.
[7] [Step Debug] WARN: Creating socket for 'localhost:9003', poll success, but error: Operation now in progress (29).
[7] [Step Debug] WARN: Creating socket for 'localhost:9003', connect: Cannot assign requested address.
[7] [Step Debug] ERR: Could not connect to debugging client. Tried: localhost:9003 (through xdebug.client_host/xdebug.client_port) :-(
[7] Log closed at 2022-03-02 14:42:26.834568

[8] Log opened at 2022-03-02 14:42:26.910924
[8] [Step Debug] INFO: Connecting to configured address/port: localhost:9003.
[8] [Step Debug] WARN: Creating socket for 'localhost:9003', poll success, but error: Operation now in progress (29).
[8] [Step Debug] WARN: Creating socket for 'localhost:9003', connect: Cannot assign requested address.
[8] [Step Debug] ERR: Could not connect to debugging client. Tried: localhost:9003 (through xdebug.client_host/xdebug.client_port) :-(
[8] Log closed at 2022-03-02 14:42:26.919438

[7] Log opened at 2022-03-02 14:42:39.681090
[7] [Step Debug] INFO: Connecting to configured address/port: localhost:9003.
[7] [Step Debug] WARN: Creating socket for 'localhost:9003', poll success, but error: Operation now in progress (29).
[7] [Step Debug] WARN: Creating socket for 'localhost:9003', connect: Cannot assign requested address.
[7] [Step Debug] ERR: Could not connect to debugging client. Tried: localhost:9003 (through xdebug.client_host/xdebug.client_port) :-(
[7] Log closed at 2022-03-02 14:42:39.687258

[8] Log opened at 2022-03-02 14:42:39.744002
[8] [Step Debug] INFO: Connecting to configured address/port: localhost:9003.
[8] [Step Debug] WARN: Creating socket for 'localhost:9003', poll success, but error: Operation now in progress (29).
[8] [Step Debug] WARN: Creating socket for 'localhost:9003', connect: Cannot assign requested address.
[8] [Step Debug] ERR: Could not connect to debugging client. Tried: localhost:9003 (through xdebug.client_host/xdebug.client_port) :-(
[8] Log closed at 2022-03-02 14:42:39.752023

[8] Log opened at 2022-03-02 14:43:09.823468
[8] [Step Debug] INFO: Connecting to configured address/port: localhost:9003.
[8] [Step Debug] WARN: Creating socket for 'localhost:9003', poll success, but error: Operation now in progress (29).
[8] [Step Debug] WARN: Creating socket for 'localhost:9003', connect: Cannot assign requested address.
[8] [Step Debug] ERR: Could not connect to debugging client. Tried: localhost:9003 (through xdebug.client_host/xdebug.client_port) :-(
[8] Log closed at 2022-03-02 14:43:09.836439

[9] Log opened at 2022-03-02 14:43:10.308672
[9] [Step Debug] INFO: Connecting to configured address/port: localhost:9003.
[9] [Step Debug] WARN: Creating socket for 'localhost:9003', poll success, but error: Operation now in progress (29).
[9] [Step Debug] WARN: Creating socket for 'localhost:9003', connect: Cannot assign requested address.
[9] [Step Debug] ERR: Could not connect to debugging client. Tried: localhost:9003 (through xdebug.client_host/xdebug.client_port) :-(
[9] Log closed at 2022-03-02 14:43:10.318237

[8] Log opened at 2022-03-02 14:43:10.322680
[8] [Step Debug] INFO: Connecting to configured address/port: localhost:9003.
[8] [Step Debug] WARN: Creating socket for 'localhost:9003', poll success, but error: Operation now in progress (29).
[8] [Step Debug] WARN: Creating socket for 'localhost:9003', connect: Cannot assign requested address.
[8] [Step Debug] ERR: Could not connect to debugging client. Tried: localhost:9003 (through xdebug.client_host/xdebug.client_port) :-(
[8] Log closed at 2022-03-02 14:43:10.332515

[9] Log opened at 2022-03-02 14:43:10.807154
[9] [Step Debug] INFO: Connecting to configured address/port: localhost:9003.
[9] [Step Debug] WARN: Creating socket for 'localhost:9003', poll success, but error: Operation now in progress (29).
[9] [Step Debug] WARN: Creating socket for 'localhost:9003', connect: Cannot assign requested address.
[9] [Step Debug] ERR: Could not connect to debugging client. Tried: localhost:9003 (through xdebug.client_host/xdebug.client_port) :-(
[9] Log closed at 2022-03-02 14:43:10.821903

[7] Log opened at 2022-03-02 14:45:10.177630
[7] [Step Debug] INFO: Connecting to configured address/port: localhost:9003.
[7] [Step Debug] WARN: Creating socket for 'localhost:9003', poll success, but error: Operation now in progress (29).
[7] [Step Debug] WARN: Creating socket for 'localhost:9003', connect: Cannot assign requested address.
[7] [Step Debug] ERR: Could not connect to debugging client. Tried: localhost:9003 (through xdebug.client_host/xdebug.client_port) :-(
[7] Log closed at 2022-03-02 14:45:10.189241

[8] Log opened at 2022-03-02 14:45:10.573047
[8] [Step Debug] INFO: Connecting to configured address/port: localhost:9003.
[8] [Step Debug] WARN: Creating socket for 'localhost:9003', poll success, but error: Operation now in progress (29).
[8] [Step Debug] WARN: Creating socket for 'localhost:9003', connect: Cannot assign requested address.
[8] [Step Debug] ERR: Could not connect to debugging client. Tried: localhost:9003 (through xdebug.client_host/xdebug.client_port) :-(
[8] Log closed at 2022-03-02 14:45:10.585338

[7] Log opened at 2022-03-02 14:45:10.670296
[7] [Step Debug] INFO: Connecting to configured address/port: localhost:9003.
[7] [Step Debug] WARN: Creating socket for 'localhost:9003', poll success, but error: Operation now in progress (29).
[7] [Step Debug] WARN: Creating socket for 'localhost:9003', connect: Cannot assign requested address.
[7] [Step Debug] ERR: Could not connect to debugging client. Tried: localhost:9003 (through xdebug.client_host/xdebug.client_port) :-(
[7] Log closed at 2022-03-02 14:45:10.696915

[8] Log opened at 2022-03-02 14:45:10.864990
[8] [Step Debug] INFO: Connecting to configured address/port: localhost:9003.
[8] [Step Debug] WARN: Creating socket for 'localhost:9003', poll success, but error: Operation now in progress (29).
[8] [Step Debug] WARN: Creating socket for 'localhost:9003', connect: Cannot assign requested address.
[8] [Step Debug] ERR: Could not connect to debugging client. Tried: localhost:9003 (through xdebug.client_host/xdebug.client_port) :-(
[8] Log closed at 2022-03-02 14:45:10.873091

[7] Log opened at 2022-03-02 14:48:41.920382
[7] [Step Debug] INFO: Connecting to configured address/port: localhost:9003.
[7] [Step Debug] WARN: Creating socket for 'localhost:9003', poll success, but error: Operation now in progress (29).
[7] [Step Debug] WARN: Creating socket for 'localhost:9003', connect: Cannot assign requested address.
[7] [Step Debug] ERR: Could not connect to debugging client. Tried: localhost:9003 (through xdebug.client_host/xdebug.client_port) :-(
[7] Log closed at 2022-03-02 14:48:41.929710

[8] Log opened at 2022-03-02 14:48:42.179880
[8] [Step Debug] INFO: Connecting to configured address/port: localhost:9003.
[8] [Step Debug] WARN: Creating socket for 'localhost:9003', poll success, but error: Operation now in progress (29).
[8] [Step Debug] WARN: Creating socket for 'localhost:9003', connect: Cannot assign requested address.
[8] [Step Debug] ERR: Could not connect to debugging client. Tried: localhost:9003 (through xdebug.client_host/xdebug.client_port) :-(
[8] Log closed at 2022-03-02 14:48:42.196714

[7] Log opened at 2022-03-02 14:48:42.263511
[7] [Step Debug] INFO: Connecting to configured address/port: localhost:9003.
[7] [Step Debug] WARN: Creating socket for 'localhost:9003', poll success, but error: Operation now in progress (29).
[7] [Step Debug] WARN: Creating socket for 'localhost:9003', connect: Cannot assign requested address.
[7] [Step Debug] ERR: Could not connect to debugging client. Tried: localhost:9003 (through xdebug.client_host/xdebug.client_port) :-(
[7] Log closed at 2022-03-02 14:48:42.274393

[8] Log opened at 2022-03-02 14:48:42.842803
[8] [Step Debug] INFO: Connecting to configured address/port: localhost:9003.
[8] [Step Debug] WARN: Creating socket for 'localhost:9003', poll success, but error: Operation now in progress (29).
[8] [Step Debug] WARN: Creating socket for 'localhost:9003', connect: Cannot assign requested address.
[8] [Step Debug] ERR: Could not connect to debugging client. Tried: localhost:9003 (through xdebug.client_host/xdebug.client_port) :-(
[8] Log closed at 2022-03-02 14:48:42.851344

[8] Log opened at 2022-03-02 14:49:37.819877
[8] [Step Debug] INFO: Connecting to configured address/port: localhost:9003.
[8] [Step Debug] WARN: Creating socket for 'localhost:9003', poll success, but error: Operation now in progress (29).
[8] [Step Debug] WARN: Creating socket for 'localhost:9003', connect: Cannot assign requested address.
[8] [Step Debug] ERR: Could not connect to debugging client. Tried: localhost:9003 (through xdebug.client_host/xdebug.client_port) :-(
[8] Log closed at 2022-03-02 14:49:37.840044

[9] Log opened at 2022-03-02 14:49:38.161993
[9] [Step Debug] INFO: Connecting to configured address/port: localhost:9003.
[9] [Step Debug] WARN: Creating socket for 'localhost:9003', poll success, but error: Operation now in progress (29).
[9] [Step Debug] WARN: Creating socket for 'localhost:9003', connect: Cannot assign requested address.
[9] [Step Debug] ERR: Could not connect to debugging client. Tried: localhost:9003 (through xdebug.client_host/xdebug.client_port) :-(
[9] Log closed at 2022-03-02 14:49:38.218261

[8] Log opened at 2022-03-02 14:49:38.271418
[8] [Step Debug] INFO: Connecting to configured address/port: localhost:9003.
[8] [Step Debug] WARN: Creating socket for 'localhost:9003', poll success, but error: Operation now in progress (29).
[8] [Step Debug] WARN: Creating socket for 'localhost:9003', connect: Cannot assign requested address.
[8] [Step Debug] ERR: Could not connect to debugging client. Tried: localhost:9003 (through xdebug.client_host/xdebug.client_port) :-(
[8] Log closed at 2022-03-02 14:49:38.299774

[9] Log opened at 2022-03-02 14:49:38.468004
[9] [Step Debug] INFO: Connecting to configured address/port: localhost:9003.
[9] [Step Debug] WARN: Creating socket for 'localhost:9003', poll success, but error: Operation now in progress (29).
[9] [Step Debug] WARN: Creating socket for 'localhost:9003', connect: Cannot assign requested address.
[9] [Step Debug] ERR: Could not connect to debugging client. Tried: localhost:9003 (through xdebug.client_host/xdebug.client_port) :-(
[9] Log closed at 2022-03-02 14:49:38.477974

[8] Log opened at 2022-03-02 14:53:49.085005
[8] [Step Debug] INFO: Connecting to configured address/port: localhost:9003.
[8] [Step Debug] WARN: Creating socket for 'localhost:9003', poll success, but error: Operation now in progress (29).
[8] [Step Debug] WARN: Creating socket for 'localhost:9003', connect: Cannot assign requested address.
[8] [Step Debug] ERR: Could not connect to debugging client. Tried: localhost:9003 (through xdebug.client_host/xdebug.client_port) :-(
[8] Log closed at 2022-03-02 14:53:49.096623

[9] Log opened at 2022-03-02 14:53:49.352647
[9] [Step Debug] INFO: Connecting to configured address/port: localhost:9003.
[9] [Step Debug] WARN: Creating socket for 'localhost:9003', poll success, but error: Operation now in progress (29).
[9] [Step Debug] WARN: Creating socket for 'localhost:9003', connect: Cannot assign requested address.
[9] [Step Debug] ERR: Could not connect to debugging client. Tried: localhost:9003 (through xdebug.client_host/xdebug.client_port) :-(
[9] Log closed at 2022-03-02 14:53:49.372245

[8] Log opened at 2022-03-02 14:53:49.412186
[8] [Step Debug] INFO: Connecting to configured address/port: localhost:9003.
[8] [Step Debug] WARN: Creating socket for 'localhost:9003', poll success, but error: Operation now in progress (29).
[8] [Step Debug] WARN: Creating socket for 'localhost:9003', connect: Cannot assign requested address.
[8] [Step Debug] ERR: Could not connect to debugging client. Tried: localhost:9003 (through xdebug.client_host/xdebug.client_port) :-(
[8] Log closed at 2022-03-02 14:53:49.424395

[9] Log opened at 2022-03-02 14:53:49.775000
[9] [Step Debug] INFO: Connecting to configured address/port: localhost:9003.
[9] [Step Debug] WARN: Creating socket for 'localhost:9003', poll success, but error: Operation now in progress (29).
[9] [Step Debug] WARN: Creating socket for 'localhost:9003', connect: Cannot assign requested address.
[9] [Step Debug] ERR: Could not connect to debugging client. Tried: localhost:9003 (through xdebug.client_host/xdebug.client_port) :-(
[9] Log closed at 2022-03-02 14:53:49.789725

